\BOOKMARK [0][-]{chapter.1}{\376\377\000I\000n\000t\000r\000o\000d\000u\000c\000t\000i\000o\000n\000\040\000a\000n\000d\000\040\000m\000o\000t\000i\000v\000a\000t\000i\000o\000n}{}% 1
\BOOKMARK [1][-]{section.1.1}{\376\377\000Q\000u\000a\000n\000t\000u\000m\000P\000a\000s\000c\000a\000l\000\040\000p\000r\000o\000j\000e\000c\000t}{chapter.1}% 2
\BOOKMARK [1][-]{section.1.2}{\376\377\000P\000r\000e\000s\000s\000u\000r\000e\000\040\000s\000t\000a\000n\000d\000a\000r\000d\000s\000\040\000a\000t\000\040\000t\000h\000e\000\040\000P\000T\000B}{chapter.1}% 3
\BOOKMARK [1][-]{section.1.3}{\376\377\000D\000e\000v\000e\000l\000o\000p\000m\000e\000n\000t\000\040\000o\000f\000\040\000p\000h\000o\000t\000o\000n\000\040\000b\000a\000s\000e\000d\000\040\000m\000e\000t\000h\000o\000d\000s\000\040\000a\000t\000\040\000t\000h\000e\000\040\000P\000T\000B}{chapter.1}% 4
\BOOKMARK [0][-]{chapter.2}{\376\377\000T\000h\000e\000o\000r\000y\000\040\000p\000a\000r\000t\000\040\000I\000:\000\040\000A\000b\000s\000o\000r\000p\000t\000i\000o\000n\000\040\000s\000p\000e\000c\000t\000r\000o\000s\000c\000o\000p\000y}{}% 5
\BOOKMARK [1][-]{section.2.1}{\376\377\000A\000b\000s\000o\000r\000b\000t\000i\000o\000n}{chapter.2}% 6
\BOOKMARK [2][-]{subsection.2.1.1}{\376\377\000L\000a\000m\000b\000e\000r\000t\000-\000B\000e\000e\000r\000\040\000l\000a\000w}{section.2.1}% 7
\BOOKMARK [2][-]{subsection.2.1.2}{\376\377\000I\000n\000f\000r\000a\000r\000e\000d\000\040\000s\000p\000e\000c\000t\000r\000o\000s\000c\000o\000p\000y}{section.2.1}% 8
\BOOKMARK [2][-]{subsection.2.1.3}{\376\377\000R\000o\000t\000a\000t\000i\000o\000n\000\040\000s\000p\000e\000c\000t\000r\000a}{section.2.1}% 9
\BOOKMARK [2][-]{subsection.2.1.4}{\376\377\000V\000i\000b\000r\000a\000t\000i\000o\000n\000\040\000s\000p\000e\000c\000t\000r\000a}{section.2.1}% 10
\BOOKMARK [2][-]{subsection.2.1.5}{\376\377\000R\000o\000t\000a\000t\000i\000o\000n\000a\000l\000\040\000a\000n\000d\000\040\000v\000i\000b\000r\000a\000t\000i\000o\000n\000a\000l\000\040\000s\000p\000e\000c\000t\000r\000a}{section.2.1}% 11
\BOOKMARK [2][-]{subsection.2.1.6}{\376\377\000H\000I\000T\000R\000A\000N\000\040\000d\000a\000t\000a\000b\000a\000s\000e}{section.2.1}% 12
\BOOKMARK [1][-]{section.2.2}{\376\377\000S\000p\000e\000c\000t\000r\000a\000l\000\040\000l\000i\000n\000e\000\040\000s\000h\000a\000p\000e\000s}{chapter.2}% 13
\BOOKMARK [2][-]{subsection.2.2.1}{\376\377\000N\000a\000t\000u\000r\000a\000l\000\040\000l\000i\000n\000e\000\040\000b\000r\000o\000a\000d\000e\000n\000i\000n\000g}{section.2.2}% 14
\BOOKMARK [2][-]{subsection.2.2.2}{\376\377\000T\000e\000m\000p\000e\000r\000a\000t\000u\000r\000e\000\040\000d\000e\000p\000e\000n\000d\000e\000n\000t\000\040\000l\000i\000n\000e\000\040\000b\000r\000o\000a\000d\000e\000n\000i\000n\000g}{section.2.2}% 15
\BOOKMARK [2][-]{subsection.2.2.3}{\376\377\000P\000r\000e\000s\000s\000u\000r\000e\000\040\000d\000e\000p\000e\000n\000d\000e\000n\000t\000\040\000l\000i\000n\000e\000\040\000b\000r\000o\000a\000d\000e\000n\000i\000n\000g\000\040\000a\000n\000d\000\040\000l\000i\000n\000e\000\040\000s\000h\000i\000f\000t}{section.2.2}% 16
\BOOKMARK [2][-]{subsection.2.2.4}{\376\377\000C\000o\000m\000b\000i\000n\000e\000d\000\040\000e\000f\000f\000e\000c\000t\000s}{section.2.2}% 17
\BOOKMARK [1][-]{section.2.3}{\376\377\000M\000u\000l\000t\000i\000p\000a\000s\000s\000\040\000a\000b\000s\000o\000r\000p\000t\000i\000o\000n\000\040\000c\000e\000l\000l\000s}{chapter.2}% 18
\BOOKMARK [2][-]{subsection.2.3.1}{\376\377\000W\000h\000i\000t\000e\000\040\000c\000e\000l\000l}{section.2.3}% 19
\BOOKMARK [2][-]{subsection.2.3.2}{\376\377\000H\000e\000r\000r\000i\000o\000t\000t\000-\000c\000e\000l\000l}{section.2.3}% 20
\BOOKMARK [1][-]{section.2.4}{\376\377\000Q\000u\000a\000n\000t\000u\000m\000\040\000c\000a\000s\000c\000a\000d\000e\000\040\000l\000a\000s\000e\000r\000s}{chapter.2}% 21
\BOOKMARK [0][-]{chapter.3}{\376\377\000T\000h\000e\000o\000r\000y\000\040\000p\000a\000r\000t\000\040\000I\000I\000:\000\040\000R\000e\000f\000r\000a\000c\000t\000o\000m\000e\000t\000r\000y}{}% 22
\BOOKMARK [1][-]{section.3.1}{\376\377\000I\000d\000e\000a\000l\000\040\000a\000n\000d\000\040\000r\000e\000a\000l\000\040\000g\000a\000s\000e\000s}{chapter.3}% 23
\BOOKMARK [1][-]{section.3.2}{\376\377\000L\000o\000r\000e\000n\000t\000z\000\040\000L\000o\000r\000e\000n\000z\000\040\000e\000q\000u\000a\000t\000i\000o\000n}{chapter.3}% 24
\BOOKMARK [1][-]{section.3.3}{\376\377\000R\000e\000f\000r\000a\000c\000t\000o\000m\000e\000t\000r\000y}{chapter.3}% 25
\BOOKMARK [2][-]{subsection.3.3.1}{\376\377\000D\000u\000a\000l\000\040\000F\000a\000r\000b\000y\000-\000P\000\351\000r\000o\000t\000\040\000c\000a\000v\000i\000t\000y\000\040\000b\000a\000s\000e\000d\000\040\000r\000e\000f\000r\000a\000c\000t\000o\000m\000e\000t\000r\000y}{section.3.3}% 26
\BOOKMARK [0][-]{chapter.4}{\376\377\000T\000h\000e\000o\000r\000y\000\040\000p\000a\000r\000t\000\040\000I\000I\000I\000:\000\040\000O\000p\000t\000i\000c\000a\000l\000\040\000r\000e\000s\000o\000n\000a\000t\000o\000r\000s}{}% 27
\BOOKMARK [1][-]{section.4.1}{\376\377\000F\000a\000b\000r\000y\000-\000P\000\351\000r\000o\000t\000\040\000r\000e\000s\000o\000n\000a\000t\000o\000r\000s}{chapter.4}% 28
\BOOKMARK [2][-]{subsection.4.1.1}{\376\377\000L\000o\000n\000g\000i\000t\000u\000d\000i\000n\000a\000l\000\040\000r\000e\000s\000o\000n\000a\000t\000o\000r\000\040\000m\000o\000d\000e\000s}{section.4.1}% 29
\BOOKMARK [2][-]{subsection.4.1.2}{\376\377\000G\000a\000u\000s\000s\000i\000a\000n\000\040\000B\000e\000a\000m\000\040\000p\000r\000o\000p\000a\000g\000a\000t\000i\000o\000n}{section.4.1}% 30
\BOOKMARK [2][-]{subsection.4.1.3}{\376\377\000T\000r\000a\000n\000s\000v\000e\000r\000s\000a\000l\000\040\000R\000e\000s\000o\000n\000a\000t\000o\000r\000\040\000m\000o\000d\000e\000s}{section.4.1}% 31
\BOOKMARK [2][-]{subsection.4.1.4}{\376\377\000M\000o\000d\000e\000-\000m\000a\000t\000c\000h\000i\000n\000g}{section.4.1}% 32
\BOOKMARK [1][-]{section.4.2}{\376\377\000L\000a\000s\000e\000r\000-\000f\000r\000e\000q\000u\000e\000n\000c\000y\000\040\000s\000t\000a\000b\000i\000l\000i\000z\000a\000t\000i\000o\000n}{chapter.4}% 33
\BOOKMARK [2][-]{subsection.4.2.1}{\376\377\000L\000o\000c\000k\000-\000I\000n\000\040\000t\000e\000c\000h\000n\000i\000q\000u\000e}{section.4.2}% 34
\BOOKMARK [2][-]{subsection.4.2.2}{\376\377\000P\000o\000u\000n\000d\000-\000D\000r\000e\000v\000e\000r\000-\000H\000a\000l\000l\000\040\000p\000r\000o\000c\000e\000d\000u\000r\000e}{section.4.2}% 35
\BOOKMARK [0][-]{chapter.5}{\376\377\000A\000b\000s\000o\000r\000p\000t\000i\000o\000n\000\040\000s\000p\000e\000c\000t\000r\000o\000s\000c\000o\000p\000y}{}% 36
\BOOKMARK [1][-]{section.5.1}{\376\377\000L\000a\000s\000e\000r\000\040\000c\000h\000a\000r\000a\000c\000t\000e\000r\000i\000z\000a\000t\000i\000o\000n}{chapter.5}% 37
\BOOKMARK [2][-]{subsection.5.1.1}{\376\377\000L\000a\000s\000e\000r\000\040\000t\000u\000n\000i\000n\000g\000\040\000r\000a\000n\000g\000e}{section.5.1}% 38
\BOOKMARK [2][-]{subsection.5.1.2}{\376\377\000A\000b\000s\000o\000l\000u\000t\000e\000\040\000e\000m\000i\000s\000s\000i\000o\000n\000\040\000f\000r\000e\000q\000u\000e\000n\000c\000y}{section.5.1}% 39
\BOOKMARK [1][-]{section.5.2}{\376\377\000D\000e\000t\000e\000r\000m\000i\000n\000a\000t\000i\000o\000n\000\040\000o\000f\000\040\000t\000h\000e\000\040\000r\000e\000q\000u\000i\000r\000e\000d\000\040\000L\000a\000s\000e\000r\000\040\000l\000i\000n\000e\000w\000i\000d\000t\000h}{chapter.5}% 40
\BOOKMARK [1][-]{section.5.3}{\376\377\000R\000e\000d\000u\000c\000i\000n\000g\000\040\000L\000a\000s\000e\000r\000-\000l\000i\000n\000e\000w\000i\000d\000t\000h\000s\000\040\000a\000n\000d\000\040\000L\000a\000s\000e\000r\000\040\000l\000o\000c\000k\000i\000n\000g}{chapter.5}% 41
\BOOKMARK [1][-]{section.5.4}{\376\377\000F\000r\000e\000q\000u\000e\000n\000c\000y\000\040\000c\000a\000l\000i\000b\000r\000a\000t\000i\000o\000n}{chapter.5}% 42
\BOOKMARK [1][-]{section.5.5}{\376\377\000T\000e\000m\000p\000e\000r\000a\000t\000u\000r\000e\000\040\000a\000s\000s\000e\000s\000s\000m\000e\000n\000t}{chapter.5}% 43
\BOOKMARK [1][-]{section.5.6}{\376\377\000P\000r\000e\000s\000s\000u\000r\000e\000\040\000a\000s\000s\000e\000s\000s\000m\000e\000n\000t}{chapter.5}% 44
\BOOKMARK [2][-]{subsection.5.6.1}{\376\377\000T\000h\000e\000r\000m\000a\000l\000\040\000t\000r\000a\000n\000s\000p\000i\000r\000a\000t\000i\000o\000n\000\040\000e\000f\000f\000e\000c\000t\000s}{section.5.6}% 45
\BOOKMARK [1][-]{section.5.7}{\376\377\000T\000D\000L\000A\000S\000\040\000m\000e\000a\000s\000u\000r\000e\000m\000e\000n\000t\000s}{chapter.5}% 46
\BOOKMARK [2][-]{subsection.5.7.1}{\376\377\000P\000r\000e\000s\000s\000u\000r\000e\000\040\000d\000e\000p\000e\000n\000d\000e\000n\000t\000\040\000t\000r\000a\000n\000s\000m\000i\000s\000s\000i\000o\000n\000\040\000a\000n\000d\000\040\000a\000b\000s\000o\000r\000p\000t\000i\000o\000n\000\040\000s\000i\000g\000n\000a\000l\000s}{section.5.7}% 47
\BOOKMARK [2][-]{subsection.5.7.2}{\376\377\000C\000o\000m\000p\000a\000r\000i\000s\000o\000n\000\040\000w\000i\000t\000h\000\040\000s\000i\000m\000u\000l\000a\000t\000i\000o\000n\000\040\000a\000n\000d\000\040\000f\000i\000t\000t\000i\000n\000g\000\040\000m\000o\000d\000e\000l\000s}{section.5.7}% 48
\BOOKMARK [2][-]{subsection.5.7.3}{\376\377\000C\000a\000r\000b\000o\000n\000\040\000m\000o\000n\000o\000x\000i\000d\000e\000\040\000l\000i\000n\000e\000\040\000s\000t\000r\000e\000n\000g\000t\000h\000s}{section.5.7}% 49
\BOOKMARK [1][-]{section.5.8}{\376\377\000T\000D\000L\000A\000S\000\040\000a\000s\000\040\000a\000\040\000p\000r\000e\000s\000s\000u\000r\000e\000\040\000s\000t\000a\000n\000d\000a\000r\000d}{chapter.5}% 50
\BOOKMARK [2][-]{subsection.5.8.1}{\376\377\000O\000u\000t\000l\000o\000o\000k\000\040\000a\000n\000d\000\040\000i\000m\000p\000r\000o\000v\000e\000m\000e\000n\000t\000s}{section.5.8}% 51
\BOOKMARK [0][-]{chapter.6}{\376\377\000R\000e\000f\000r\000a\000c\000t\000o\000m\000e\000t\000r\000y}{}% 52
\BOOKMARK [1][-]{section.6.1}{\376\377\000E\000x\000p\000e\000r\000i\000m\000e\000n\000t\000a\000l\000\040\000s\000e\000t\000u\000p\000:\000\040\000R\000e\000f\000r\000a\000c\000t\000o\000m\000e\000t\000e\000r}{chapter.6}% 53
\BOOKMARK [2][-]{subsection.6.1.1}{\376\377\000O\000p\000t\000i\000c\000s\000\040\000a\000n\000d\000\040\000e\000l\000e\000c\000t\000r\000o\000n\000i\000c\000s}{section.6.1}% 54
\BOOKMARK [2][-]{subsection.6.1.2}{\376\377\000V\000a\000c\000u\000u\000m\000\040\000s\000y\000s\000t\000e\000m}{section.6.1}% 55
\BOOKMARK [1][-]{section.6.2}{\376\377\000R\000e\000s\000o\000n\000a\000t\000o\000r\000\040\000c\000h\000o\000i\000c\000e}{chapter.6}% 56
\BOOKMARK [2][-]{subsection.6.2.1}{\376\377\000M\000e\000a\000s\000u\000r\000e\000m\000e\000n\000t\000\040\000o\000f\000\040\000t\000h\000e\000\040\000c\000o\000e\000f\000f\000i\000c\000i\000e\000n\000t\000\040\000o\000f\000\040\000t\000h\000e\000r\000m\000a\000l\000\040\000e\000x\000p\000a\000n\000s\000i\000o\000n\000\040\000\050\000C\000T\000E\000\051}{section.6.2}% 57
\BOOKMARK [1][-]{section.6.3}{\376\377\000G\000A\000M\000O\000R\000\040\000m\000e\000t\000h\000o\000d}{chapter.6}% 58
\BOOKMARK [1][-]{section.6.4}{\376\377\000F\000r\000e\000e\000-\000S\000p\000e\000c\000t\000r\000a\000l\000-\000R\000a\000n\000g\000e\000\040\000o\000f\000\040\000t\000h\000e\000\040\000I\000n\000v\000a\000r\000\040\000r\000e\000s\000o\000n\000a\000t\000o\000r}{chapter.6}% 59
\BOOKMARK [1][-]{section.6.5}{\376\377\000T\000e\000m\000p\000e\000r\000a\000t\000u\000r\000e\000\040\000a\000n\000d\000\040\000p\000r\000e\000s\000s\000u\000r\000e\000\040\000a\000s\000s\000e\000s\000s\000m\000e\000n\000t}{chapter.6}% 60
\BOOKMARK [1][-]{section.6.6}{\376\377\000R\000e\000f\000r\000a\000c\000t\000i\000v\000i\000t\000i\000e\000s\000\040\000o\000f\000\040\000H\000e\000l\000i\000u\000m\000,\000\040\000N\000i\000t\000r\000o\000g\000e\000n\000\040\000a\000n\000d\000\040\000A\000r\000g\000o\000n}{chapter.6}% 61
\BOOKMARK [1][-]{section.6.7}{\376\377\000P\000r\000e\000s\000s\000u\000r\000e\000\040\000i\000n\000d\000u\000c\000e\000d\000\040\000c\000a\000v\000i\000t\000y\000\040\000d\000e\000f\000o\000r\000m\000a\000t\000i\000o\000n}{chapter.6}% 62
\BOOKMARK [2][-]{subsection.6.7.1}{\376\377\000D\000e\000f\000o\000r\000m\000a\000t\000i\000o\000n\000\040\000o\000f\000\040\000a\000\040\000s\000p\000e\000c\000i\000f\000i\000c\000\040\000c\000a\000v\000i\000t\000y\000\040\000w\000i\000t\000h\000\040\000C\000O\000M\000S\000O\000L}{section.6.7}% 63
\BOOKMARK [2][-]{subsection.6.7.2}{\376\377\000E\000x\000p\000e\000r\000i\000m\000e\000n\000t\000a\000l\000\040\000d\000e\000t\000e\000r\000m\000i\000n\000a\000t\000i\000o\000n\000\040\000o\000f\000\040\000t\000h\000e\000\040\000d\000e\000f\000o\000r\000m\000a\000t\000i\000o\000n}{section.6.7}% 64
\BOOKMARK [1][-]{section.6.8}{\376\377\000T\000e\000m\000p\000e\000r\000a\000t\000u\000r\000e\000\040\000e\000f\000f\000e\000c\000t\000s\000:\000\040\000P\000V\000-\000w\000o\000r\000k}{chapter.6}% 65
\BOOKMARK [1][-]{section.6.9}{\376\377\000R\000i\000n\000g\000\040\000c\000o\000m\000p\000a\000r\000i\000s\000o\000n}{chapter.6}% 66
\BOOKMARK [0][-]{chapter.7}{\376\377\000G\000a\000s\000\040\000p\000e\000r\000m\000e\000a\000b\000i\000l\000i\000t\000y\000\040\000m\000e\000a\000s\000u\000r\000e\000m\000e\000n\000t\000s\000\040\000o\000f\000\040\000c\000a\000v\000i\000t\000y\000-\000s\000p\000a\000c\000e\000r\000\040\000m\000a\000t\000e\000r\000i\000a\000l\000s}{}% 67
\BOOKMARK [1][-]{section.7.1}{\376\377\000T\000h\000e\000o\000r\000y}{chapter.7}% 68
\BOOKMARK [1][-]{section.7.2}{\376\377\000E\000x\000p\000e\000r\000i\000m\000e\000n\000t\000a\000l\000\040\000s\000e\000t\000u\000p\000\040\000a\000n\000d\000\040\000p\000r\000o\000c\000e\000d\000u\000r\000e}{chapter.7}% 69
\BOOKMARK [2][-]{subsection.7.2.1}{\376\377\000S\000a\000m\000p\000l\000e\000\040\000p\000r\000e\000p\000a\000r\000a\000t\000i\000o\000n}{section.7.2}% 70
\BOOKMARK [1][-]{section.7.3}{\376\377\000E\000x\000p\000e\000r\000i\000m\000e\000n\000t\000a\000l\000\040\000r\000e\000s\000u\000l\000t\000s}{chapter.7}% 71
